<?xml version="1.0" encoding="UTF-8"?>
<testsuite name="pe.gob.vuce.template.VuceTemplateTestApplicationTests" tests="1" skipped="0" failures="0" errors="0" timestamp="2023-03-08T16:24:34" hostname="GKP0FK3" time="0.09">
  <properties/>
  <testcase name="contextLoads()" classname="pe.gob.vuce.template.VuceTemplateTestApplicationTests" time="0.09"/>
  <system-out><![CDATA[11:23:27.672 [Test worker] DEBUG org.springframework.test.context.BootstrapUtils - Instantiating CacheAwareContextLoaderDelegate from class [org.springframework.test.context.cache.DefaultCacheAwareContextLoaderDelegate]
11:23:27.687 [Test worker] DEBUG org.springframework.test.context.BootstrapUtils - Instantiating BootstrapContext using constructor [public org.springframework.test.context.support.DefaultBootstrapContext(java.lang.Class,org.springframework.test.context.CacheAwareContextLoaderDelegate)]
11:23:27.714 [Test worker] DEBUG org.springframework.test.context.BootstrapUtils - Instantiating TestContextBootstrapper for test class [pe.gob.vuce.template.VuceTemplateTestApplicationTests] from class [org.springframework.boot.test.context.SpringBootTestContextBootstrapper]
11:23:27.729 [Test worker] INFO org.springframework.boot.test.context.SpringBootTestContextBootstrapper - Neither @ContextConfiguration nor @ContextHierarchy found for test class [pe.gob.vuce.template.VuceTemplateTestApplicationTests], using SpringBootContextLoader
11:23:27.733 [Test worker] DEBUG org.springframework.test.context.support.AbstractContextLoader - Did not detect default resource location for test class [pe.gob.vuce.template.VuceTemplateTestApplicationTests]: class path resource [pe/gob/vuce/template/VuceTemplateTestApplicationTests-context.xml] does not exist
11:23:27.733 [Test worker] DEBUG org.springframework.test.context.support.AbstractContextLoader - Did not detect default resource location for test class [pe.gob.vuce.template.VuceTemplateTestApplicationTests]: class path resource [pe/gob/vuce/template/VuceTemplateTestApplicationTestsContext.groovy] does not exist
11:23:27.733 [Test worker] INFO org.springframework.test.context.support.AbstractContextLoader - Could not detect default resource locations for test class [pe.gob.vuce.template.VuceTemplateTestApplicationTests]: no resource found for suffixes {-context.xml, Context.groovy}.
11:23:27.734 [Test worker] INFO org.springframework.test.context.support.AnnotationConfigContextLoaderUtils - Could not detect default configuration classes for test class [pe.gob.vuce.template.VuceTemplateTestApplicationTests]: VuceTemplateTestApplicationTests does not declare any static, non-private, non-final, nested classes annotated with @Configuration.
11:23:27.767 [Test worker] DEBUG org.springframework.test.context.support.ActiveProfilesUtils - Could not find an 'annotation declaring class' for annotation type [org.springframework.test.context.ActiveProfiles] and class [pe.gob.vuce.template.VuceTemplateTestApplicationTests]
11:23:27.830 [Test worker] DEBUG org.springframework.context.annotation.ClassPathScanningCandidateComponentProvider - Identified candidate component class: file [C:\projects\Servicios\rolmincetur\vuce-template-test\build\classes\java\main\pe\gob\vuce\template\VuceTemplateTestApplication.class]
11:23:27.833 [Test worker] INFO org.springframework.boot.test.context.SpringBootTestContextBootstrapper - Found @SpringBootConfiguration pe.gob.vuce.template.VuceTemplateTestApplication for test class pe.gob.vuce.template.VuceTemplateTestApplicationTests
11:23:27.921 [Test worker] DEBUG org.springframework.boot.test.context.SpringBootTestContextBootstrapper - @TestExecutionListeners is not present for class [pe.gob.vuce.template.VuceTemplateTestApplicationTests]: using defaults.
11:23:27.923 [Test worker] INFO org.springframework.boot.test.context.SpringBootTestContextBootstrapper - Loaded default TestExecutionListener class names from location [META-INF/spring.factories]: [org.springframework.boot.test.autoconfigure.restdocs.RestDocsTestExecutionListener, org.springframework.boot.test.autoconfigure.web.client.MockRestServiceServerResetTestExecutionListener, org.springframework.boot.test.autoconfigure.web.servlet.MockMvcPrintOnlyOnFailureTestExecutionListener, org.springframework.boot.test.autoconfigure.web.servlet.WebDriverTestExecutionListener, org.springframework.boot.test.mock.mockito.MockitoTestExecutionListener, org.springframework.boot.test.mock.mockito.ResetMocksTestExecutionListener, org.springframework.test.context.web.ServletTestExecutionListener, org.springframework.test.context.support.DirtiesContextBeforeModesTestExecutionListener, org.springframework.test.context.support.DependencyInjectionTestExecutionListener, org.springframework.test.context.support.DirtiesContextTestExecutionListener, org.springframework.test.context.transaction.TransactionalTestExecutionListener, org.springframework.test.context.jdbc.SqlScriptsTestExecutionListener, org.springframework.test.context.event.EventPublishingTestExecutionListener]
11:23:27.949 [Test worker] INFO org.springframework.boot.test.context.SpringBootTestContextBootstrapper - Using TestExecutionListeners: [org.springframework.test.context.web.ServletTestExecutionListener@79ab3a71, org.springframework.test.context.support.DirtiesContextBeforeModesTestExecutionListener@6e5bfdfc, org.springframework.boot.test.mock.mockito.MockitoTestExecutionListener@3d829787, org.springframework.boot.test.autoconfigure.SpringBootDependencyInjectionTestExecutionListener@71652c98, org.springframework.test.context.support.DirtiesContextTestExecutionListener@51bde877, org.springframework.test.context.transaction.TransactionalTestExecutionListener@60b85ba1, org.springframework.test.context.jdbc.SqlScriptsTestExecutionListener@492fc69e, org.springframework.test.context.event.EventPublishingTestExecutionListener@117632cf, org.springframework.boot.test.autoconfigure.restdocs.RestDocsTestExecutionListener@2fb68ec6, org.springframework.boot.test.autoconfigure.web.client.MockRestServiceServerResetTestExecutionListener@d71adc2, org.springframework.boot.test.autoconfigure.web.servlet.MockMvcPrintOnlyOnFailureTestExecutionListener@3add81c4, org.springframework.boot.test.autoconfigure.web.servlet.WebDriverTestExecutionListener@1a1d3c1a, org.springframework.boot.test.mock.mockito.ResetMocksTestExecutionListener@1c65121]
11:23:27.954 [Test worker] DEBUG org.springframework.test.context.support.AbstractDirtiesContextTestExecutionListener - Before test class: context [DefaultTestContext@5c371e13 testClass = VuceTemplateTestApplicationTests, testInstance = [null], testMethod = [null], testException = [null], mergedContextConfiguration = [WebMergedContextConfiguration@530a8454 testClass = VuceTemplateTestApplicationTests, locations = '{}', classes = '{class pe.gob.vuce.template.VuceTemplateTestApplication}', contextInitializerClasses = '[]', activeProfiles = '{}', propertySourceLocations = '{}', propertySourceProperties = '{org.springframework.boot.test.context.SpringBootTestContextBootstrapper=true}', contextCustomizers = set[org.springframework.boot.test.autoconfigure.properties.PropertyMappingContextCustomizer@0, org.springframework.boot.test.autoconfigure.web.servlet.WebDriverContextCustomizerFactory$Customizer@47dbb1e2, org.springframework.boot.test.context.filter.ExcludeFilterContextCustomizer@878452d, org.springframework.boot.test.json.DuplicateJsonObjectContextCustomizerFactory$DuplicateJsonObjectContextCustomizer@83298d7, org.springframework.boot.test.mock.mockito.MockitoContextCustomizer@0, org.springframework.boot.test.web.client.TestRestTemplateContextCustomizer@38f57b3d], resourceBasePath = 'src/main/webapp', contextLoader = 'org.springframework.boot.test.context.SpringBootContextLoader', parent = [null]], attributes = map['org.springframework.test.context.web.ServletTestExecutionListener.activateListener' -> true]], class annotated with @DirtiesContext [false] with mode [null].
11:23:27.982 [Test worker] DEBUG org.springframework.test.context.support.TestPropertySourceUtils - Adding inlined properties to environment: {spring.jmx.enabled=false, org.springframework.boot.test.context.SpringBootTestContextBootstrapper=true, server.port=-1}

  .   ____          _            __ _ _
 /\\ / ___'_ __ _ _(_)_ __  __ _ \ \ \ \
( ( )\___ | '_ | '_| | '_ \/ _` | \ \ \ \
 \\/  ___)| |_)| | | | | || (_| |  ) ) ) )
  '  |____| .__|_| |_|_| |_\__, | / / / /
 =========|_|==============|___/=/_/_/_/
 :: Spring Boot ::        (v2.2.2.RELEASE)

2023-03-08 11:23:28.254  INFO 9008 --- [    Test worker] p.g.v.t.VuceTemplateTestApplicationTests : Starting VuceTemplateTestApplicationTests on GKP0FK3 with PID 9008 (started by jrreyna in C:\projects\Servicios\rolmincetur\vuce-template-test)
2023-03-08 11:23:28.256  INFO 9008 --- [    Test worker] p.g.v.t.VuceTemplateTestApplicationTests : The following profiles are active: dev
2023-03-08 11:23:28.307 DEBUG 9008 --- [    Test worker] o.s.w.c.s.GenericWebApplicationContext   : Refreshing org.springframework.web.context.support.GenericWebApplicationContext@1bbae752
2023-03-08 11:23:29.647  INFO 9008 --- [    Test worker] .s.d.r.c.RepositoryConfigurationDelegate : Bootstrapping Spring Data JPA repositories in DEFAULT mode.
2023-03-08 11:23:29.945  INFO 9008 --- [    Test worker] .s.d.r.c.RepositoryConfigurationDelegate : Finished Spring Data repository scanning in 286ms. Found 25 JPA repository interfaces.
2023-03-08 11:23:30.542  INFO 9008 --- [    Test worker] ptablePropertiesBeanFactoryPostProcessor : Post-processing PropertySource instances
2023-03-08 11:23:30.616  INFO 9008 --- [    Test worker] c.u.j.EncryptablePropertySourceConverter : Converting PropertySource configurationProperties [org.springframework.boot.context.properties.source.ConfigurationPropertySourcesPropertySource] to AOP Proxy
2023-03-08 11:23:30.616  INFO 9008 --- [    Test worker] c.u.j.EncryptablePropertySourceConverter : Converting PropertySource Inlined Test Properties [org.springframework.core.env.MapPropertySource] to EncryptableMapPropertySourceWrapper
2023-03-08 11:23:30.617  INFO 9008 --- [    Test worker] c.u.j.EncryptablePropertySourceConverter : Converting PropertySource systemProperties [org.springframework.core.env.PropertiesPropertySource] to EncryptableMapPropertySourceWrapper
2023-03-08 11:23:30.617  INFO 9008 --- [    Test worker] c.u.j.EncryptablePropertySourceConverter : Converting PropertySource systemEnvironment [org.springframework.boot.env.SystemEnvironmentPropertySourceEnvironmentPostProcessor$OriginAwareSystemEnvironmentPropertySource] to EncryptableMapPropertySourceWrapper
2023-03-08 11:23:30.617  INFO 9008 --- [    Test worker] c.u.j.EncryptablePropertySourceConverter : Converting PropertySource random [org.springframework.boot.env.RandomValuePropertySource] to EncryptablePropertySourceWrapper
2023-03-08 11:23:30.617  INFO 9008 --- [    Test worker] c.u.j.EncryptablePropertySourceConverter : Converting PropertySource applicationConfig: [classpath:/application-dev.properties] [org.springframework.boot.env.OriginTrackedMapPropertySource] to EncryptableMapPropertySourceWrapper
2023-03-08 11:23:30.617  INFO 9008 --- [    Test worker] c.u.j.EncryptablePropertySourceConverter : Converting PropertySource applicationConfig: [classpath:/application.properties] [org.springframework.boot.env.OriginTrackedMapPropertySource] to EncryptableMapPropertySourceWrapper
2023-03-08 11:23:30.744  INFO 9008 --- [    Test worker] trationDelegate$BeanPostProcessorChecker : Bean 'org.springframework.transaction.annotation.ProxyTransactionManagementConfiguration' of type [org.springframework.transaction.annotation.ProxyTransactionManagementConfiguration] is not eligible for getting processed by all BeanPostProcessors (for example: not eligible for auto-proxying)
2023-03-08 11:23:30.795  INFO 9008 --- [    Test worker] trationDelegate$BeanPostProcessorChecker : Bean 'org.springframework.security.config.annotation.configuration.ObjectPostProcessorConfiguration' of type [org.springframework.security.config.annotation.configuration.ObjectPostProcessorConfiguration] is not eligible for getting processed by all BeanPostProcessors (for example: not eligible for auto-proxying)
2023-03-08 11:23:30.801  INFO 9008 --- [    Test worker] trationDelegate$BeanPostProcessorChecker : Bean 'objectPostProcessor' of type [org.springframework.security.config.annotation.configuration.AutowireBeanFactoryObjectPostProcessor] is not eligible for getting processed by all BeanPostProcessors (for example: not eligible for auto-proxying)
2023-03-08 11:23:30.804  INFO 9008 --- [    Test worker] trationDelegate$BeanPostProcessorChecker : Bean 'org.springframework.security.access.expression.method.DefaultMethodSecurityExpressionHandler@2315052d' of type [org.springframework.security.access.expression.method.DefaultMethodSecurityExpressionHandler] is not eligible for getting processed by all BeanPostProcessors (for example: not eligible for auto-proxying)
2023-03-08 11:23:30.818  INFO 9008 --- [    Test worker] trationDelegate$BeanPostProcessorChecker : Bean 'org.springframework.security.config.annotation.method.configuration.GlobalMethodSecurityConfiguration' of type [org.springframework.security.config.annotation.method.configuration.GlobalMethodSecurityConfiguration] is not eligible for getting processed by all BeanPostProcessors (for example: not eligible for auto-proxying)
2023-03-08 11:23:30.829  INFO 9008 --- [    Test worker] trationDelegate$BeanPostProcessorChecker : Bean 'methodSecurityMetadataSource' of type [org.springframework.security.access.method.DelegatingMethodSecurityMetadataSource] is not eligible for getting processed by all BeanPostProcessors (for example: not eligible for auto-proxying)
2023-03-08 11:23:30.925  INFO 9008 --- [    Test worker] c.u.j.r.DefaultLazyPropertyResolver      : Property Resolver custom Bean not found with name 'encryptablePropertyResolver'. Initializing Default Property Resolver
2023-03-08 11:23:30.929  INFO 9008 --- [    Test worker] c.u.j.d.DefaultLazyPropertyDetector      : Property Detector custom Bean not found with name 'encryptablePropertyDetector'. Initializing Default Property Detector
2023-03-08 11:23:31.153  INFO 9008 --- [    Test worker] o.hibernate.jpa.internal.util.LogHelper  : HHH000204: Processing PersistenceUnitInfo [name: default]
2023-03-08 11:23:31.280  INFO 9008 --- [    Test worker] org.hibernate.Version                    : HHH000412: Hibernate Core {5.4.9.Final}
2023-03-08 11:23:31.542  INFO 9008 --- [    Test worker] o.hibernate.annotations.common.Version   : HCANN000001: Hibernate Commons Annotations {5.1.0.Final}
2023-03-08 11:23:31.713  INFO 9008 --- [    Test worker] com.zaxxer.hikari.HikariDataSource       : HikariPool-1 - Starting...
2023-03-08 11:23:34.099  INFO 9008 --- [    Test worker] com.zaxxer.hikari.HikariDataSource       : HikariPool-1 - Start completed.
2023-03-08 11:23:34.150  INFO 9008 --- [    Test worker] org.hibernate.dialect.Dialect            : HHH000400: Using dialect: org.hibernate.dialect.PostgreSQLDialect
2023-03-08 11:24:30.279  INFO 9008 --- [    Test worker] o.h.e.t.j.p.i.JtaPlatformInitiator       : HHH000490: Using JtaPlatform implementation: [org.hibernate.engine.transaction.jta.platform.internal.NoJtaPlatform]
2023-03-08 11:24:30.289  INFO 9008 --- [    Test worker] j.LocalContainerEntityManagerFactoryBean : Initialized JPA EntityManagerFactory for persistence unit 'default'
2023-03-08 11:24:30.450  WARN 9008 --- [    Test worker] JpaBaseConfiguration$JpaWebConfiguration : spring.jpa.open-in-view is enabled by default. Therefore, database queries may be performed during view rendering. Explicitly configure spring.jpa.open-in-view to disable this warning
2023-03-08 11:24:32.021 DEBUG 9008 --- [    Test worker] s.w.s.m.m.a.RequestMappingHandlerMapping : 92 mappings in 'requestMappingHandlerMapping'
2023-03-08 11:24:32.302  INFO 9008 --- [    Test worker] .s.s.UserDetailsServiceAutoConfiguration : 

Using generated security password: 037efad4-6f1a-473c-a932-7d644e183df8

2023-03-08 11:24:32.617  INFO 9008 --- [    Test worker] o.s.s.web.DefaultSecurityFilterChain     : Creating filter chain: any request, [org.springframework.security.web.context.request.async.WebAsyncManagerIntegrationFilter@427c9a13, org.springframework.security.web.context.SecurityContextPersistenceFilter@a49cdd6, org.springframework.security.web.header.HeaderWriterFilter@233bfc46, org.springframework.security.web.authentication.logout.LogoutFilter@34438b38, pe.gob.vuce.template.common.infrastructure.security.JwtTokenFilter@7b842e79, org.springframework.security.web.savedrequest.RequestCacheAwareFilter@258e5601, org.springframework.security.web.servletapi.SecurityContextHolderAwareRequestFilter@4bda93f1, org.springframework.security.web.authentication.AnonymousAuthenticationFilter@6e620fa9, org.springframework.security.web.session.SessionManagementFilter@7f794b0f, org.springframework.security.web.access.ExceptionTranslationFilter@19598b38, org.springframework.security.web.access.intercept.FilterSecurityInterceptor@23b62cc3]
2023-03-08 11:24:32.704  INFO 9008 --- [    Test worker] pertySourcedRequestMappingHandlerMapping : Mapped URL path [/v2/api-docs] onto method [springfox.documentation.swagger2.web.Swagger2Controller#getDocumentation(String, HttpServletRequest)]
2023-03-08 11:24:33.189  INFO 9008 --- [    Test worker] o.s.s.concurrent.ThreadPoolTaskExecutor  : Initializing ExecutorService 'applicationTaskExecutor'
2023-03-08 11:24:33.223 DEBUG 9008 --- [    Test worker] s.w.s.m.m.a.RequestMappingHandlerAdapter : ControllerAdvice beans: 0 @ModelAttribute, 0 @InitBinder, 1 RequestBodyAdvice, 1 ResponseBodyAdvice
2023-03-08 11:24:33.349 DEBUG 9008 --- [    Test worker] o.s.w.s.handler.SimpleUrlHandlerMapping  : Patterns [/webjars/**, /**] in 'resourceHandlerMapping'
2023-03-08 11:24:33.370 DEBUG 9008 --- [    Test worker] .m.m.a.ExceptionHandlerExceptionResolver : ControllerAdvice beans: 0 @ExceptionHandler, 1 ResponseBodyAdvice
2023-03-08 11:24:33.715  INFO 9008 --- [    Test worker] d.s.w.p.DocumentationPluginsBootstrapper : Context refreshed
2023-03-08 11:24:33.751  INFO 9008 --- [    Test worker] d.s.w.p.DocumentationPluginsBootstrapper : Found 1 custom documentation plugin(s)
2023-03-08 11:24:33.825  INFO 9008 --- [    Test worker] s.d.s.w.s.ApiListingReferenceScanner     : Scanning for api listing references
2023-03-08 11:24:34.012  INFO 9008 --- [    Test worker] .d.s.w.r.o.CachingOperationNameGenerator : Generating unique operation named: findAllUsingGET_1
2023-03-08 11:24:34.020  INFO 9008 --- [    Test worker] .d.s.w.r.o.CachingOperationNameGenerator : Generating unique operation named: findAllUsingGET_2
2023-03-08 11:24:34.023  INFO 9008 --- [    Test worker] .d.s.w.r.o.CachingOperationNameGenerator : Generating unique operation named: createUsingPOST_1
2023-03-08 11:24:34.025  INFO 9008 --- [    Test worker] .d.s.w.r.o.CachingOperationNameGenerator : Generating unique operation named: deleteUsingDELETE_1
2023-03-08 11:24:34.030  INFO 9008 --- [    Test worker] .d.s.w.r.o.CachingOperationNameGenerator : Generating unique operation named: findAllUsingGET_3
2023-03-08 11:24:34.031  INFO 9008 --- [    Test worker] .d.s.w.r.o.CachingOperationNameGenerator : Generating unique operation named: findByIdUsingGET_1
2023-03-08 11:24:34.034  INFO 9008 --- [    Test worker] .d.s.w.r.o.CachingOperationNameGenerator : Generating unique operation named: updateUsingPUT_1
2023-03-08 11:24:34.037  INFO 9008 --- [    Test worker] .d.s.w.r.o.CachingOperationNameGenerator : Generating unique operation named: createUsingPOST_2
2023-03-08 11:24:34.040  INFO 9008 --- [    Test worker] .d.s.w.r.o.CachingOperationNameGenerator : Generating unique operation named: deleteUsingDELETE_2
2023-03-08 11:24:34.052  INFO 9008 --- [    Test worker] .d.s.w.r.o.CachingOperationNameGenerator : Generating unique operation named: findAllUsingGET_4
2023-03-08 11:24:34.055  INFO 9008 --- [    Test worker] .d.s.w.r.o.CachingOperationNameGenerator : Generating unique operation named: findByIdUsingGET_2
2023-03-08 11:24:34.059  INFO 9008 --- [    Test worker] .d.s.w.r.o.CachingOperationNameGenerator : Generating unique operation named: updateUsingPUT_2
2023-03-08 11:24:34.080  INFO 9008 --- [    Test worker] .d.s.w.r.o.CachingOperationNameGenerator : Generating unique operation named: createUsingPOST_3
2023-03-08 11:24:34.081  INFO 9008 --- [    Test worker] .d.s.w.r.o.CachingOperationNameGenerator : Generating unique operation named: deleteUsingDELETE_3
2023-03-08 11:24:34.097  INFO 9008 --- [    Test worker] .d.s.w.r.o.CachingOperationNameGenerator : Generating unique operation named: findAllUsingGET_5
2023-03-08 11:24:34.100  INFO 9008 --- [    Test worker] .d.s.w.r.o.CachingOperationNameGenerator : Generating unique operation named: findByIdUsingGET_3
2023-03-08 11:24:34.105  INFO 9008 --- [    Test worker] .d.s.w.r.o.CachingOperationNameGenerator : Generating unique operation named: updateUsingPUT_3
2023-03-08 11:24:34.110  INFO 9008 --- [    Test worker] .d.s.w.r.o.CachingOperationNameGenerator : Generating unique operation named: createUsingPOST_4
2023-03-08 11:24:34.111  INFO 9008 --- [    Test worker] .d.s.w.r.o.CachingOperationNameGenerator : Generating unique operation named: deleteUsingDELETE_4
2023-03-08 11:24:34.116  INFO 9008 --- [    Test worker] .d.s.w.r.o.CachingOperationNameGenerator : Generating unique operation named: findByNotificacionIdUsingGET_1
2023-03-08 11:24:34.146  INFO 9008 --- [    Test worker] .d.s.w.r.o.CachingOperationNameGenerator : Generating unique operation named: createUsingPOST_5
2023-03-08 11:24:34.147  INFO 9008 --- [    Test worker] .d.s.w.r.o.CachingOperationNameGenerator : Generating unique operation named: deleteUsingDELETE_5
2023-03-08 11:24:34.162  INFO 9008 --- [    Test worker] .d.s.w.r.o.CachingOperationNameGenerator : Generating unique operation named: findAllUsingGET_6
2023-03-08 11:24:34.187  INFO 9008 --- [    Test worker] .d.s.w.r.o.CachingOperationNameGenerator : Generating unique operation named: findByIdUsingGET_4
2023-03-08 11:24:34.210  INFO 9008 --- [    Test worker] .d.s.w.r.o.CachingOperationNameGenerator : Generating unique operation named: updateUsingPUT_4
2023-03-08 11:24:34.218  INFO 9008 --- [    Test worker] .d.s.w.r.o.CachingOperationNameGenerator : Generating unique operation named: createUsingPOST_6
2023-03-08 11:24:34.219  INFO 9008 --- [    Test worker] .d.s.w.r.o.CachingOperationNameGenerator : Generating unique operation named: deleteUsingDELETE_6
2023-03-08 11:24:34.224  INFO 9008 --- [    Test worker] .d.s.w.r.o.CachingOperationNameGenerator : Generating unique operation named: findAllUsingGET_7
2023-03-08 11:24:34.229  INFO 9008 --- [    Test worker] .d.s.w.r.o.CachingOperationNameGenerator : Generating unique operation named: findByIdUsingGET_5
2023-03-08 11:24:34.231  INFO 9008 --- [    Test worker] .d.s.w.r.o.CachingOperationNameGenerator : Generating unique operation named: findByNotificacionIdUsingGET_2
2023-03-08 11:24:34.233  INFO 9008 --- [    Test worker] .d.s.w.r.o.CachingOperationNameGenerator : Generating unique operation named: updateUsingPUT_5
2023-03-08 11:24:34.236  INFO 9008 --- [    Test worker] .d.s.w.r.o.CachingOperationNameGenerator : Generating unique operation named: createUsingPOST_7
2023-03-08 11:24:34.237  INFO 9008 --- [    Test worker] .d.s.w.r.o.CachingOperationNameGenerator : Generating unique operation named: deleteUsingDELETE_7
2023-03-08 11:24:34.241  INFO 9008 --- [    Test worker] .d.s.w.r.o.CachingOperationNameGenerator : Generating unique operation named: findAllUsingGET_8
2023-03-08 11:24:34.242  INFO 9008 --- [    Test worker] .d.s.w.r.o.CachingOperationNameGenerator : Generating unique operation named: findByIdUsingGET_6
2023-03-08 11:24:34.245  INFO 9008 --- [    Test worker] .d.s.w.r.o.CachingOperationNameGenerator : Generating unique operation named: findByNotificacionIdUsingGET_3
2023-03-08 11:24:34.246  INFO 9008 --- [    Test worker] .d.s.w.r.o.CachingOperationNameGenerator : Generating unique operation named: updateUsingPUT_6
2023-03-08 11:24:34.249  INFO 9008 --- [    Test worker] .d.s.w.r.o.CachingOperationNameGenerator : Generating unique operation named: createUsingPOST_8
2023-03-08 11:24:34.250  INFO 9008 --- [    Test worker] .d.s.w.r.o.CachingOperationNameGenerator : Generating unique operation named: deleteUsingDELETE_8
2023-03-08 11:24:34.253  INFO 9008 --- [    Test worker] .d.s.w.r.o.CachingOperationNameGenerator : Generating unique operation named: findByIdUsingGET_7
2023-03-08 11:24:34.256  INFO 9008 --- [    Test worker] .d.s.w.r.o.CachingOperationNameGenerator : Generating unique operation named: findByNotificacionIdUsingGET_4
2023-03-08 11:24:34.257  INFO 9008 --- [    Test worker] .d.s.w.r.o.CachingOperationNameGenerator : Generating unique operation named: updateUsingPUT_7
2023-03-08 11:24:34.262  INFO 9008 --- [    Test worker] .d.s.w.r.o.CachingOperationNameGenerator : Generating unique operation named: findAllUsingGET_9
2023-03-08 11:24:34.267  INFO 9008 --- [    Test worker] .d.s.w.r.o.CachingOperationNameGenerator : Generating unique operation named: findAllUsingGET_10
2023-03-08 11:24:34.277  INFO 9008 --- [    Test worker] .d.s.w.r.o.CachingOperationNameGenerator : Generating unique operation named: createUsingPOST_9
2023-03-08 11:24:34.278  INFO 9008 --- [    Test worker] .d.s.w.r.o.CachingOperationNameGenerator : Generating unique operation named: deleteUsingDELETE_9
2023-03-08 11:24:34.284  INFO 9008 --- [    Test worker] .d.s.w.r.o.CachingOperationNameGenerator : Generating unique operation named: findAllUsingGET_11
2023-03-08 11:24:34.286  INFO 9008 --- [    Test worker] .d.s.w.r.o.CachingOperationNameGenerator : Generating unique operation named: findByIdUsingGET_8
2023-03-08 11:24:34.287  INFO 9008 --- [    Test worker] .d.s.w.r.o.CachingOperationNameGenerator : Generating unique operation named: updateUsingPUT_8
2023-03-08 11:24:34.291  INFO 9008 --- [    Test worker] .d.s.w.r.o.CachingOperationNameGenerator : Generating unique operation named: createUsingPOST_10
2023-03-08 11:24:34.292  INFO 9008 --- [    Test worker] .d.s.w.r.o.CachingOperationNameGenerator : Generating unique operation named: deleteUsingDELETE_10
2023-03-08 11:24:34.295  INFO 9008 --- [    Test worker] .d.s.w.r.o.CachingOperationNameGenerator : Generating unique operation named: findAllUsingGET_12
2023-03-08 11:24:34.296  INFO 9008 --- [    Test worker] .d.s.w.r.o.CachingOperationNameGenerator : Generating unique operation named: findByIdUsingGET_9
2023-03-08 11:24:34.298  INFO 9008 --- [    Test worker] .d.s.w.r.o.CachingOperationNameGenerator : Generating unique operation named: updateUsingPUT_9
2023-03-08 11:24:34.302  INFO 9008 --- [    Test worker] .d.s.w.r.o.CachingOperationNameGenerator : Generating unique operation named: findAllUsingGET_13
2023-03-08 11:24:34.305  INFO 9008 --- [    Test worker] .d.s.w.r.o.CachingOperationNameGenerator : Generating unique operation named: findAllUsingGET_14
2023-03-08 11:24:34.310  INFO 9008 --- [    Test worker] .d.s.w.r.o.CachingOperationNameGenerator : Generating unique operation named: findAllUsingGET_15
2023-03-08 11:24:34.313  INFO 9008 --- [    Test worker] .d.s.w.r.o.CachingOperationNameGenerator : Generating unique operation named: createUsingPOST_11
2023-03-08 11:24:34.315  INFO 9008 --- [    Test worker] .d.s.w.r.o.CachingOperationNameGenerator : Generating unique operation named: deleteUsingDELETE_11
2023-03-08 11:24:34.318  INFO 9008 --- [    Test worker] .d.s.w.r.o.CachingOperationNameGenerator : Generating unique operation named: findAllUsingGET_16
2023-03-08 11:24:34.319  INFO 9008 --- [    Test worker] .d.s.w.r.o.CachingOperationNameGenerator : Generating unique operation named: findByIdUsingGET_10
2023-03-08 11:24:34.321  INFO 9008 --- [    Test worker] .d.s.w.r.o.CachingOperationNameGenerator : Generating unique operation named: updateUsingPUT_10
2023-03-08 11:24:34.326  INFO 9008 --- [    Test worker] .d.s.w.r.o.CachingOperationNameGenerator : Generating unique operation named: createUsingPOST_12
2023-03-08 11:24:34.327  INFO 9008 --- [    Test worker] .d.s.w.r.o.CachingOperationNameGenerator : Generating unique operation named: deleteUsingDELETE_12
2023-03-08 11:24:34.331  INFO 9008 --- [    Test worker] .d.s.w.r.o.CachingOperationNameGenerator : Generating unique operation named: findAllUsingGET_17
2023-03-08 11:24:34.332  INFO 9008 --- [    Test worker] .d.s.w.r.o.CachingOperationNameGenerator : Generating unique operation named: findByIdUsingGET_11
2023-03-08 11:24:34.334  INFO 9008 --- [    Test worker] .d.s.w.r.o.CachingOperationNameGenerator : Generating unique operation named: updateUsingPUT_11
2023-03-08 11:24:34.360  INFO 9008 --- [    Test worker] p.g.v.t.VuceTemplateTestApplicationTests : Started VuceTemplateTestApplicationTests in 66.369 seconds (JVM running for 67.658)
]]></system-out>
  <system-err><![CDATA[]]></system-err>
</testsuite>
